<?xml version="1.0" encoding="UTF-8"?>
<!-- Generated by org.testng.reporters.JUnitReportReporter -->
<testsuite hostname="DESKTOP-USOTHIV" failures="0" tests="10" name="cucumberOptions.testRunner" time="282.263" errors="0" timestamp="2021-08-03T20:45:42 UYT" skipped="0">
  <testcase classname="cucumberOptions.testRunner" name="runScenario" time="20.858"/>
  <system-out/>
  <testcase classname="cucumberOptions.testRunner" name="runScenario" time="19.885"/>
  <system-out/>
  <testcase classname="cucumberOptions.testRunner" name="runScenario" time="20.896"/>
  <system-out/>
  <testcase classname="cucumberOptions.testRunner" name="runScenario" time="27.368"/>
  <system-out/>
  <testcase classname="cucumberOptions.testRunner" name="runScenario" time="58.182"/>
  <system-out/>
  <testcase classname="cucumberOptions.testRunner" name="runScenario" time="21.093"/>
  <system-out/>
  <testcase classname="cucumberOptions.testRunner" name="runScenario" time="22.611"/>
  <system-out/>
  <testcase classname="cucumberOptions.testRunner" name="runScenario" time="22.313"/>
  <system-out/>
  <testcase classname="cucumberOptions.testRunner" name="runScenario" time="24.871"/>
  <system-out/>
  <testcase classname="cucumberOptions.testRunner" name="runScenario" time="44.186"/>
  <system-out/>
</testsuite> <!-- cucumberOptions.testRunner -->
